<?xml version="1.0" encoding="UTF-8"?>
<testsuite name="sort.SorterTest" tests="2" skipped="0" failures="0" errors="0" timestamp="2022-01-12T05:53:04" hostname="Octavios-Mini" time="0.39">
  <properties/>
  <testcase name="[1] [3, 4, 5, 1, 2], [1, 2, 3, 4, 5]" classname="sort.SorterTest" time="0.377"/>
  <testcase name="[2] [5, 4, 3, 2, 1], [1, 2, 3, 4, 5]" classname="sort.SorterTest" time="0.004"/>
  <system-out><![CDATA[]]></system-out>
  <system-err><![CDATA[]]></system-err>
</testsuite>
